<?xml version="1.0" encoding="UTF-8"?>
<testng-results skipped="0" failed="0" ignored="0" total="1" passed="1">
  <reporter-output>
  </reporter-output>
  <suite name="Suite1" duration-ms="36589" started-at="2018-08-15T16:07:43Z" finished-at="2018-08-15T16:08:19Z">
    <groups>
    </groups>
    <test name="WebDriver" duration-ms="36589" started-at="2018-08-15T16:07:43Z" finished-at="2018-08-15T16:08:19Z">
      <class name="TestNG.AddressBookTest">
        <test-method status="PASS" signature="launch()[pri:0, instance:TestNG.AddressBookTest@55f3ddb1]" name="launch" is-config="true" duration-ms="32135" started-at="2018-08-15T16:07:43Z" finished-at="2018-08-15T16:08:15Z">
          <reporter-output>
          </reporter-output>
        </test-method> <!-- launch -->
        <test-method status="PASS" signature="verfiylogin()[pri:0, instance:TestNG.AddressBookTest@55f3ddb1]" name="verfiylogin" duration-ms="4248" started-at="2018-08-15T16:08:15Z" finished-at="2018-08-15T16:08:19Z">
          <reporter-output>
          </reporter-output>
        </test-method> <!-- verfiylogin -->
        <test-method status="PASS" signature="logout()[pri:0, instance:TestNG.AddressBookTest@55f3ddb1]" name="logout" is-config="true" duration-ms="141" started-at="2018-08-15T16:08:19Z" finished-at="2018-08-15T16:08:19Z">
          <reporter-output>
          </reporter-output>
        </test-method> <!-- logout -->
      </class> <!-- TestNG.AddressBookTest -->
    </test> <!-- WebDriver -->
  </suite> <!-- Suite1 -->
</testng-results>
